2025-07-19 16:57:26,663 - INFO - Loaded schedule settings from config file: 08:00
2025-07-19 16:57:26,663 - INFO - Database configuration loaded: 8.156.76.75:3306
2025-07-19 16:57:26,663 - INFO - Target scraping date: 2025-07-18
2025-07-19 16:57:26,663 - INFO - Database configuration loaded: 8.156.76.75:3306
2025-07-19 16:57:26,663 - INFO - Bid announcement target scraping date: 2025-07-18
2025-07-19 16:57:26,696 - INFO - Adding job tentatively -- it will be properly scheduled when the scheduler starts
2025-07-19 16:57:26,696 - INFO - Starting scheduled task scheduler...
2025-07-19 16:57:26,696 - INFO - Task will run daily at 08:00
2025-07-19 16:57:26,696 - INFO - Press Ctrl+C to stop
2025-07-19 16:57:26,696 - ERROR - Scheduler startup failed: next_run_time
2025-07-19 17:00:58,054 - INFO - Loaded schedule settings from config file: 08:00
2025-07-19 17:00:58,054 - INFO - Database configuration loaded: 8.156.76.75:3306
2025-07-19 17:00:58,054 - INFO - Target scraping date: 2025-07-18
2025-07-19 17:00:58,054 - INFO - Database configuration loaded: 8.156.76.75:3306
2025-07-19 17:00:58,054 - INFO - Bid announcement target scraping date: 2025-07-18
2025-07-19 17:00:58,069 - INFO - Adding job tentatively -- it will be properly scheduled when the scheduler starts
2025-07-19 17:00:58,069 - INFO - Starting scheduled task scheduler...
2025-07-19 17:00:58,069 - INFO - Task will run daily at 08:00
2025-07-19 17:00:58,069 - INFO - Press Ctrl+C to stop
2025-07-19 17:00:58,069 - WARNING - Could not determine next run time: next_run_time
2025-07-19 17:00:58,101 - INFO - Added job "ScheduledScraper.run_scraping_task" to job store "default"
2025-07-19 17:00:58,101 - INFO - Scheduler started
2025-07-19 17:03:46,725 - INFO - Loaded schedule settings from config file: 08:00
2025-07-19 17:03:46,725 - INFO - Database configuration loaded: 8.156.76.75:3306
2025-07-19 17:03:46,725 - INFO - Target scraping date: 2025-07-18
2025-07-19 17:03:46,725 - INFO - Database configuration loaded: 8.156.76.75:3306
2025-07-19 17:03:46,725 - INFO - Bid announcement target scraping date: 2025-07-18
2025-07-19 17:03:46,725 - INFO - Adding job tentatively -- it will be properly scheduled when the scheduler starts
2025-07-19 17:03:46,725 - INFO - Starting scheduled task scheduler...
2025-07-19 17:03:46,725 - INFO - Task will run daily at 08:00
2025-07-19 17:03:46,725 - INFO - Press Ctrl+C to stop
2025-07-19 17:03:46,740 - INFO - Added job "ScheduledScraper.run_scraping_task" to job store "default"
2025-07-19 17:03:46,740 - INFO - Scheduler started
