2025-07-19 15:22:17,208 - INFO - 未指定日期，将使用前一天作为目标日期
2025-07-19 15:22:17,208 - INFO - ============================================================
2025-07-19 15:22:17,208 - INFO - 开始执行中标候选人信息抓取任务
2025-07-19 15:22:17,208 - INFO - ============================================================
2025-07-19 15:22:17,208 - INFO - 目标抓取日期: 2025-07-18
2025-07-19 15:22:17,208 - INFO - 开始抓取 2025-07-18 的候选人信息...
2025-07-19 15:22:17,208 - INFO - 正在抓取第 1 页: https://zb.shudaojt.com/hxrgs/people.html
2025-07-19 15:22:17,714 - INFO - 从当前页面提取到 10 个目标日期的候选人链接
2025-07-19 15:22:17,714 - INFO - 第 1 页找到 10 条目标日期的记录
2025-07-19 15:22:17,714 - INFO - 正在处理第 1 页第 1/10 个链接
2025-07-19 15:22:18,805 - INFO - 正在处理第 1 页第 2/10 个链接
2025-07-19 15:22:19,898 - INFO - 正在处理第 1 页第 3/10 个链接
2025-07-19 15:22:20,982 - INFO - 正在处理第 1 页第 4/10 个链接
2025-07-19 15:22:22,076 - INFO - 正在处理第 1 页第 5/10 个链接
2025-07-19 15:22:23,170 - INFO - 正在处理第 1 页第 6/10 个链接
2025-07-19 15:22:24,265 - INFO - 正在处理第 1 页第 7/10 个链接
2025-07-19 15:22:25,358 - INFO - 正在处理第 1 页第 8/10 个链接
2025-07-19 15:22:26,445 - INFO - 正在处理第 1 页第 9/10 个链接
2025-07-19 15:22:27,535 - INFO - 正在处理第 1 页第 10/10 个链接
2025-07-19 15:22:28,631 - INFO - 正在抓取第 2 页: https://zb.shudaojt.com/hxrgs/2.html
2025-07-19 15:22:28,722 - INFO - 从当前页面提取到 10 个目标日期的候选人链接
2025-07-19 15:22:28,723 - INFO - 第 2 页找到 10 条目标日期的记录
2025-07-19 15:22:28,723 - INFO - 正在处理第 2 页第 1/10 个链接
2025-07-19 15:22:29,811 - INFO - 正在处理第 2 页第 2/10 个链接
2025-07-19 15:22:30,894 - INFO - 正在处理第 2 页第 3/10 个链接
2025-07-19 15:22:32,007 - INFO - 正在处理第 2 页第 4/10 个链接
2025-07-19 15:22:33,090 - INFO - 正在处理第 2 页第 5/10 个链接
2025-07-19 15:22:34,173 - INFO - 正在处理第 2 页第 6/10 个链接
2025-07-19 15:22:35,254 - INFO - 正在处理第 2 页第 7/10 个链接
2025-07-19 15:22:36,354 - INFO - 正在处理第 2 页第 8/10 个链接
2025-07-19 15:22:37,433 - INFO - 正在处理第 2 页第 9/10 个链接
2025-07-19 15:22:38,514 - INFO - 正在处理第 2 页第 10/10 个链接
2025-07-19 15:22:39,597 - INFO - 正在抓取第 3 页: https://zb.shudaojt.com/hxrgs/3.html
2025-07-19 15:22:39,671 - INFO - 从当前页面提取到 7 个目标日期的候选人链接
2025-07-19 15:22:39,671 - INFO - 遇到比目标日期更早的数据，将停止分页
2025-07-19 15:22:39,671 - INFO - 第 3 页找到 7 条目标日期的记录
2025-07-19 15:22:39,671 - INFO - 正在处理第 3 页第 1/7 个链接
2025-07-19 15:22:40,766 - INFO - 正在处理第 3 页第 2/7 个链接
2025-07-19 15:22:41,850 - INFO - 正在处理第 3 页第 3/7 个链接
2025-07-19 15:22:42,937 - INFO - 正在处理第 3 页第 4/7 个链接
2025-07-19 15:22:44,031 - INFO - 正在处理第 3 页第 5/7 个链接
2025-07-19 15:22:45,130 - INFO - 正在处理第 3 页第 6/7 个链接
2025-07-19 15:22:46,215 - INFO - 正在处理第 3 页第 7/7 个链接
2025-07-19 15:22:47,298 - INFO - 已经超过目标日期范围或无更多数据，停止分页抓取
2025-07-19 15:22:47,302 - INFO - 数据已保存到Markdown文件: bid_candidates_20250718_20250719_152247.md
2025-07-19 15:22:47,303 - INFO - 抓取完成！共处理 3 页，找到 27 条链接，保存 27 个项目的信息
2025-07-19 15:22:47,304 - INFO - 候选人抓取完成，等待5秒后开始招标公告抓取...
2025-07-19 15:22:52,310 - INFO - ============================================================
2025-07-19 15:22:52,310 - INFO - 开始执行招标公告信息抓取任务
2025-07-19 15:22:52,311 - INFO - ============================================================
2025-07-19 15:22:52,313 - INFO - 招标公告目标抓取日期: 2025-07-18
2025-07-19 15:22:52,313 - INFO - 开始抓取 2025-07-18 的招标公告信息...
2025-07-19 15:22:52,314 - INFO - 正在抓取招标公告第 1 页: https://zb.shudaojt.com/zbgg/zhaobiao.html
2025-07-19 15:22:52,694 - INFO - 从当前页面提取到 10 个目标日期的招标公告链接
2025-07-19 15:22:52,694 - INFO - 招标公告第 1 页找到 10 条目标日期的记录
2025-07-19 15:22:52,694 - INFO - 正在处理招标公告第 1 页第 1/10 个链接
2025-07-19 15:22:53,910 - INFO - 正在处理招标公告第 1 页第 2/10 个链接
2025-07-19 15:22:55,059 - INFO - 正在处理招标公告第 1 页第 3/10 个链接
2025-07-19 15:22:56,144 - INFO - 正在处理招标公告第 1 页第 4/10 个链接
2025-07-19 15:22:57,362 - INFO - 正在处理招标公告第 1 页第 5/10 个链接
2025-07-19 15:22:58,482 - INFO - 正在处理招标公告第 1 页第 6/10 个链接
2025-07-19 15:22:59,579 - INFO - 正在处理招标公告第 1 页第 7/10 个链接
2025-07-19 15:23:00,667 - INFO - 正在处理招标公告第 1 页第 8/10 个链接
2025-07-19 15:23:01,765 - INFO - 正在处理招标公告第 1 页第 9/10 个链接
2025-07-19 15:23:02,866 - INFO - 正在处理招标公告第 1 页第 10/10 个链接
2025-07-19 15:23:03,974 - INFO - 正在抓取招标公告第 2 页: https://zb.shudaojt.com/zbgg/2.html
2025-07-19 15:23:04,037 - INFO - 从当前页面提取到 10 个目标日期的招标公告链接
2025-07-19 15:23:04,053 - INFO - 招标公告第 2 页找到 10 条目标日期的记录
2025-07-19 15:23:04,053 - INFO - 正在处理招标公告第 2 页第 1/10 个链接
2025-07-19 15:23:05,189 - INFO - 正在处理招标公告第 2 页第 2/10 个链接
2025-07-19 15:23:06,311 - INFO - 正在处理招标公告第 2 页第 3/10 个链接
2025-07-19 15:23:07,417 - INFO - 正在处理招标公告第 2 页第 4/10 个链接
2025-07-19 15:23:08,544 - INFO - 正在处理招标公告第 2 页第 5/10 个链接
2025-07-19 15:23:09,656 - INFO - 正在处理招标公告第 2 页第 6/10 个链接
2025-07-19 15:23:10,801 - INFO - 正在处理招标公告第 2 页第 7/10 个链接
2025-07-19 15:23:11,924 - INFO - 正在处理招标公告第 2 页第 8/10 个链接
2025-07-19 15:23:13,196 - INFO - 正在处理招标公告第 2 页第 9/10 个链接
2025-07-19 15:23:14,346 - INFO - 正在处理招标公告第 2 页第 10/10 个链接
2025-07-19 15:23:15,465 - INFO - 正在抓取招标公告第 3 页: https://zb.shudaojt.com/zbgg/3.html
2025-07-19 15:23:15,551 - INFO - 从当前页面提取到 10 个目标日期的招标公告链接
2025-07-19 15:23:15,552 - INFO - 招标公告第 3 页找到 10 条目标日期的记录
2025-07-19 15:23:15,554 - INFO - 正在处理招标公告第 3 页第 1/10 个链接
2025-07-19 15:23:16,679 - INFO - 正在处理招标公告第 3 页第 2/10 个链接
2025-07-19 15:23:17,762 - INFO - 正在处理招标公告第 3 页第 3/10 个链接
2025-07-19 15:23:18,900 - INFO - 正在处理招标公告第 3 页第 4/10 个链接
2025-07-19 15:23:20,082 - INFO - 正在处理招标公告第 3 页第 5/10 个链接
2025-07-19 15:23:21,341 - INFO - 正在处理招标公告第 3 页第 6/10 个链接
2025-07-19 15:23:22,434 - INFO - 正在处理招标公告第 3 页第 7/10 个链接
2025-07-19 15:23:23,755 - INFO - 正在处理招标公告第 3 页第 8/10 个链接
2025-07-19 15:23:24,883 - INFO - 正在处理招标公告第 3 页第 9/10 个链接
2025-07-19 15:23:26,008 - INFO - 正在处理招标公告第 3 页第 10/10 个链接
2025-07-19 15:23:27,122 - INFO - 正在抓取招标公告第 4 页: https://zb.shudaojt.com/zbgg/4.html
2025-07-19 15:23:27,199 - INFO - 从当前页面提取到 1 个目标日期的招标公告链接
2025-07-19 15:23:27,199 - INFO - 遇到比目标日期更早的招标公告数据，将停止分页
2025-07-19 15:23:27,199 - INFO - 招标公告第 4 页找到 1 条目标日期的记录
2025-07-19 15:23:27,205 - INFO - 正在处理招标公告第 4 页第 1/1 个链接
2025-07-19 15:23:28,300 - INFO - 招标公告已经超过目标日期范围或无更多数据，停止分页抓取
2025-07-19 15:23:28,301 - INFO - 招标公告数据已保存到Markdown文件: bid_announcements_20250718_20250719_152328.md
2025-07-19 15:23:28,301 - INFO - 招标公告抓取完成！共处理 4 页，找到 31 条链接，保存 31 个招标公告的信息
2025-07-19 15:23:28,302 - INFO - ============================================================
2025-07-19 15:23:28,302 - INFO - 所有抓取任务完成！
2025-07-19 15:23:28,302 - INFO - ============================================================
2025-07-19 16:35:39,822 - INFO - 未指定日期，将使用前一天作为目标日期
2025-07-19 16:35:39,823 - INFO - ============================================================
2025-07-19 16:35:39,823 - INFO - 开始执行中标候选人信息抓取任务
2025-07-19 16:35:39,823 - INFO - ============================================================
2025-07-19 16:35:39,833 - INFO - 数据库配置加载成功: 8.156.76.75:3306
2025-07-19 16:35:39,833 - INFO - 目标抓取日期: 2025-07-18
2025-07-19 16:35:39,833 - INFO - 开始抓取 2025-07-18 的候选人信息...
2025-07-19 16:35:49,843 - ERROR - 数据库连接失败: (2003, "Can't connect to MySQL server on '8.156.76.75' (timed out)")
2025-07-19 16:35:49,843 - ERROR - 无法连接数据库，终止抓取
2025-07-19 16:35:49,843 - INFO - 候选人抓取完成，等待5秒后开始招标公告抓取...
2025-07-19 16:35:54,855 - INFO - ============================================================
2025-07-19 16:35:54,855 - INFO - 开始执行招标公告信息抓取任务
2025-07-19 16:35:54,855 - INFO - ============================================================
2025-07-19 16:35:54,855 - INFO - 数据库配置加载成功: 8.156.76.75:3306
2025-07-19 16:35:54,855 - INFO - 招标公告目标抓取日期: 2025-07-18
2025-07-19 16:35:54,855 - INFO - 开始抓取 2025-07-18 的招标公告信息...
2025-07-19 16:36:04,859 - ERROR - 数据库连接失败: (2003, "Can't connect to MySQL server on '8.156.76.75' (timed out)")
2025-07-19 16:36:04,859 - ERROR - 无法连接数据库，终止招标公告抓取
2025-07-19 16:36:04,859 - INFO - ============================================================
2025-07-19 16:36:04,859 - INFO - 所有抓取任务完成！
2025-07-19 16:36:04,860 - INFO - ============================================================
2025-07-19 16:56:45,598 - INFO - No date specified, using yesterday as target date
2025-07-19 16:56:45,598 - INFO - ============================================================
2025-07-19 16:56:45,598 - INFO - Starting bid candidate information scraping task
2025-07-19 16:56:45,598 - INFO - ============================================================
2025-07-19 16:56:45,613 - INFO - Database configuration loaded: 8.156.76.75:3306
2025-07-19 16:56:45,613 - INFO - Target scraping date: 2025-07-18
2025-07-19 16:56:45,613 - INFO - Starting to scrape candidate data for 2025-07-18...
2025-07-19 16:56:55,660 - ERROR - Database connection failed: (2003, "Can't connect to MySQL server on '8.156.76.75' (timed out)")
2025-07-19 16:56:55,660 - ERROR - Cannot connect to database, aborting scraping
2025-07-19 16:56:55,660 - INFO - Candidate scraping completed, waiting 5 seconds before starting bid announcement scraping...
2025-07-19 16:57:00,676 - INFO - ============================================================
2025-07-19 16:57:00,676 - INFO - Starting bid announcement information scraping task
2025-07-19 16:57:00,676 - INFO - ============================================================
2025-07-19 16:57:00,676 - INFO - Database configuration loaded: 8.156.76.75:3306
2025-07-19 16:57:00,676 - INFO - Bid announcement target scraping date: 2025-07-18
2025-07-19 16:57:00,676 - INFO - Starting to scrape bid announcement data for 2025-07-18...
2025-07-19 16:57:10,681 - ERROR - Database connection failed: (2003, "Can't connect to MySQL server on '8.156.76.75' (timed out)")
2025-07-19 16:57:10,681 - ERROR - Cannot connect to database, aborting bid announcement scraping
2025-07-19 16:57:10,681 - INFO - ============================================================
2025-07-19 16:57:10,681 - INFO - All scraping tasks completed!
2025-07-19 16:57:10,681 - INFO - ============================================================
2025-07-19 17:05:18,539 - INFO - No date specified, using yesterday as target date
2025-07-19 17:05:18,539 - INFO - ============================================================
2025-07-19 17:05:18,539 - INFO - Starting bid candidate information scraping task
2025-07-19 17:05:18,539 - INFO - ============================================================
2025-07-19 17:05:18,539 - INFO - Database configuration loaded: 8.156.76.75:3306
2025-07-19 17:05:18,539 - INFO - Target scraping date: 2025-07-18
2025-07-19 17:05:18,539 - INFO - Starting to scrape candidate data for 2025-07-18...
2025-07-19 17:05:28,556 - ERROR - Database connection failed: (2003, "Can't connect to MySQL server on '8.156.76.75' (timed out)")
2025-07-19 17:05:28,556 - ERROR - Cannot connect to database, aborting scraping
2025-07-19 17:05:28,556 - INFO - Candidate scraping completed, waiting 5 seconds before starting bid announcement scraping...
2025-07-19 17:05:33,569 - INFO - ============================================================
2025-07-19 17:05:33,569 - INFO - Starting bid announcement information scraping task
2025-07-19 17:05:33,569 - INFO - ============================================================
2025-07-19 17:05:33,571 - INFO - Database configuration loaded: 8.156.76.75:3306
2025-07-19 17:05:33,571 - INFO - Bid announcement target scraping date: 2025-07-18
2025-07-19 17:05:33,571 - INFO - Starting to scrape bid announcement data for 2025-07-18...
2025-07-19 17:05:43,577 - ERROR - Database connection failed: (2003, "Can't connect to MySQL server on '8.156.76.75' (timed out)")
2025-07-19 17:05:43,577 - ERROR - Cannot connect to database, aborting bid announcement scraping
2025-07-19 17:05:43,577 - INFO - ============================================================
2025-07-19 17:05:43,577 - INFO - All scraping tasks completed!
2025-07-19 17:05:43,577 - INFO - ============================================================
